[INFO] Scanning for projects...
[INFO] 
[INFO] -----------------------< com.workforce:backend >------------------------
[INFO] Building backend 0.0.1-SNAPSHOT
[INFO]   from pom.xml
[INFO] --------------------------------[ jar ]---------------------------------
[INFO] 
[INFO] --- resources:3.3.1:resources (default-resources) @ backend ---
[INFO] Copying 1 resource from src\main\resources to target\classes
[INFO] Copying 11 resources from src\main\resources to target\classes
[INFO] 
[INFO] --- compiler:3.14.1:compile (default-compile) @ backend ---
[INFO] Recompiling the module because of changed source code.
[INFO] Compiling 10 source files with javac [debug parameters release 17] to target\classes
[INFO] /C:/Users/SAI VIDULA/OneDrive/Desktop/Workforce-Analytics-System/backend/backend/src/main/java/com/workforce/backend/controller/LoginController.java: C:\Users\SAI VIDULA\OneDrive\Desktop\Workforce-Analytics-System\backend\backend\src\main\java\com\workforce\backend\controller\LoginController.java uses unchecked or unsafe operations.
[INFO] /C:/Users/SAI VIDULA/OneDrive/Desktop/Workforce-Analytics-System/backend/backend/src/main/java/com/workforce/backend/controller/LoginController.java: Recompile with -Xlint:unchecked for details.
[INFO] -------------------------------------------------------------
[ERROR] COMPILATION ERROR : 
[INFO] -------------------------------------------------------------
[ERROR] /C:/Users/SAI VIDULA/OneDrive/Desktop/Workforce-Analytics-System/backend/backend/src/main/java/com/workforce/backend/controller/LoginController.java:[685,55] method deleteEmployee(java.lang.String) is already defined in class com.workforce.backend.controller.LoginController
[INFO] 1 error
[INFO] -------------------------------------------------------------
[INFO] ------------------------------------------------------------------------
[INFO] BUILD FAILURE
[INFO] ------------------------------------------------------------------------
[INFO] Total time:  2.678 s
[INFO] Finished at: 2026-04-06T02:07:51+05:30
[INFO] ------------------------------------------------------------------------
[ERROR] Failed to execute goal org.apache.maven.plugins:maven-compiler-plugin:3.14.1:compile (default-compile) on project backend: Compilation failure
[ERROR] /C:/Users/SAI VIDULA/OneDrive/Desktop/Workforce-Analytics-System/backend/backend/src/main/java/com/workforce/backend/controller/LoginController.java:[685,55] method deleteEmployee(java.lang.String) is already defined in class com.workforce.backend.controller.LoginController
[ERROR] 
[ERROR] -> [Help 1]
[ERROR] 
[ERROR] To see the full stack trace of the errors, re-run Maven with the -e switch.
[ERROR] Re-run Maven using the -X switch to enable full debug logging.
[ERROR] 
[ERROR] For more information about the errors and possible solutions, please read the following articles:
[ERROR] [Help 1] http://cwiki.apache.org/confluence/display/MAVEN/MojoFailureException
